<?xml version="1.0" ?>
<!DOCTYPE coverage SYSTEM "http://cobertura.sourceforge.net/xml/coverage-04.dtd">
<coverage lines-valid="137" lines-covered="118" line-rate="0.8613" branches-valid="48" branches-covered="29" branch-rate="0.6041" timestamp="1654575480321" complexity="0" version="0.1">
  <sources>
    <source>/Users/rayangendre/Desktop/calpoly/csc308/StockProject/Backend</source>
  </sources>
  <packages>
    <package name="main" line-rate="0.8613" branch-rate="0.6041">
      <classes>
        <class name="user-services.js" filename="models/user-services.js" line-rate="0.8571" branch-rate="0.6041">
          <methods>
            <method name="setConnection" hits="1" signature="()V">
              <lines>
                <line number="8" hits="1"/>
              </lines>
            </method>
            <method name="getDbConnection" hits="35" signature="()V">
              <lines>
                <line number="13" hits="35"/>
              </lines>
            </method>
            <method name="getUsers" hits="2" signature="()V">
              <lines>
                <line number="23" hits="2"/>
              </lines>
            </method>
            <method name="findUserById" hits="11" signature="()V">
              <lines>
                <line number="35" hits="11"/>
              </lines>
            </method>
            <method name="addUser" hits="13" signature="()V">
              <lines>
                <line number="46" hits="13"/>
              </lines>
            </method>
            <method name="updateUser" hits="4" signature="()V">
              <lines>
                <line number="59" hits="4"/>
              </lines>
            </method>
            <method name="(anonymous_6)" hits="2" signature="()V">
              <lines>
                <line number="105" hits="2"/>
              </lines>
            </method>
            <method name="removeStock" hits="2" signature="()V">
              <lines>
                <line number="132" hits="2"/>
              </lines>
            </method>
            <method name="(anonymous_8)" hits="3" signature="()V">
              <lines>
                <line number="156" hits="3"/>
              </lines>
            </method>
            <method name="(anonymous_9)" hits="2" signature="()V">
              <lines>
                <line number="174" hits="2"/>
              </lines>
            </method>
            <method name="purchase" hits="2" signature="()V">
              <lines>
                <line number="203" hits="2"/>
              </lines>
            </method>
            <method name="(anonymous_11)" hits="1" signature="()V">
              <lines>
                <line number="219" hits="1"/>
              </lines>
            </method>
            <method name="findUserByName" hits="1" signature="()V">
              <lines>
                <line number="245" hits="1"/>
              </lines>
            </method>
          </methods>
          <lines>
            <line number="1" hits="1" branch="false"/>
            <line number="2" hits="1" branch="false"/>
            <line number="3" hits="1" branch="false"/>
            <line number="4" hits="1" branch="false"/>
            <line number="9" hits="1" branch="false"/>
            <line number="10" hits="1" branch="false"/>
            <line number="14" hits="35" branch="true" condition-coverage="50% (1/2)"/>
            <line number="15" hits="0" branch="false"/>
            <line number="20" hits="35" branch="false"/>
            <line number="24" hits="2" branch="false"/>
            <line number="25" hits="2" branch="false"/>
            <line number="27" hits="2" branch="true" condition-coverage="100% (2/2)"/>
            <line number="28" hits="1" branch="false"/>
            <line number="30" hits="1" branch="false"/>
            <line number="32" hits="2" branch="false"/>
            <line number="36" hits="11" branch="false"/>
            <line number="37" hits="11" branch="false"/>
            <line number="38" hits="11" branch="false"/>
            <line number="39" hits="11" branch="false"/>
            <line number="41" hits="1" branch="false"/>
            <line number="42" hits="1" branch="false"/>
            <line number="48" hits="13" branch="false"/>
            <line number="49" hits="13" branch="false"/>
            <line number="50" hits="13" branch="false"/>
            <line number="51" hits="13" branch="false"/>
            <line number="52" hits="10" branch="false"/>
            <line number="54" hits="3" branch="false"/>
            <line number="55" hits="3" branch="false"/>
            <line number="60" hits="4" branch="false"/>
            <line number="62" hits="4" branch="true" condition-coverage="50% (1/2)"/>
            <line number="64" hits="4" branch="false"/>
            <line number="65" hits="4" branch="false"/>
            <line number="66" hits="0" branch="true" condition-coverage="0% (0/2)"/>
            <line number="68" hits="0" branch="false"/>
            <line number="71" hits="0" branch="false"/>
            <line number="74" hits="4" branch="true" condition-coverage="50% (1/2)"/>
            <line number="75" hits="0" branch="false"/>
            <line number="78" hits="4" branch="false"/>
            <line number="79" hits="4" branch="false"/>
            <line number="81" hits="4" branch="true" condition-coverage="100% (4/4)"/>
            <line number="82" hits="1" branch="false"/>
            <line number="83" hits="1" branch="false"/>
            <line number="86" hits="1" branch="false"/>
            <line number="87" hits="1" branch="false"/>
            <line number="88" hits="1" branch="false"/>
            <line number="90" hits="1" branch="false"/>
            <line number="92" hits="1" branch="true" condition-coverage="50% (1/2)"/>
            <line number="93" hits="1" branch="false"/>
            <line number="95" hits="0" branch="false"/>
            <line number="99" hits="3" branch="false"/>
            <line number="100" hits="3" branch="false"/>
            <line number="102" hits="3" branch="true" condition-coverage="100% (4/4)"/>
            <line number="103" hits="1" branch="false"/>
            <line number="104" hits="1" branch="false"/>
            <line number="105" hits="1" branch="false"/>
            <line number="106" hits="2" branch="false"/>
            <line number="108" hits="1" branch="false"/>
            <line number="109" hits="1" branch="true" condition-coverage="50% (1/2)"/>
            <line number="110" hits="1" branch="false"/>
            <line number="112" hits="0" branch="false"/>
            <line number="116" hits="1" branch="false"/>
            <line number="117" hits="1" branch="false"/>
            <line number="118" hits="1" branch="false"/>
            <line number="120" hits="1" branch="false"/>
            <line number="122" hits="1" branch="true" condition-coverage="50% (1/2)"/>
            <line number="123" hits="1" branch="false"/>
            <line number="125" hits="0" branch="false"/>
            <line number="129" hits="2" branch="false"/>
            <line number="133" hits="2" branch="false"/>
            <line number="135" hits="2" branch="true" condition-coverage="50% (1/2)"/>
            <line number="137" hits="2" branch="false"/>
            <line number="138" hits="2" branch="false"/>
            <line number="139" hits="0" branch="true" condition-coverage="0% (0/2)"/>
            <line number="141" hits="0" branch="false"/>
            <line number="144" hits="0" branch="false"/>
            <line number="147" hits="2" branch="true" condition-coverage="50% (1/2)"/>
            <line number="148" hits="0" branch="false"/>
            <line number="151" hits="2" branch="false"/>
            <line number="152" hits="2" branch="false"/>
            <line number="154" hits="2" branch="true" condition-coverage="100% (2/2)"/>
            <line number="155" hits="1" branch="false"/>
            <line number="156" hits="1" branch="false"/>
            <line number="157" hits="3" branch="false"/>
            <line number="159" hits="1" branch="false"/>
            <line number="160" hits="1" branch="false"/>
            <line number="161" hits="1" branch="false"/>
            <line number="163" hits="1" branch="false"/>
            <line number="165" hits="1" branch="true" condition-coverage="50% (1/2)"/>
            <line number="166" hits="1" branch="false"/>
            <line number="168" hits="0" branch="false"/>
            <line number="172" hits="1" branch="true" condition-coverage="50% (1/2)"/>
            <line number="173" hits="1" branch="false"/>
            <line number="174" hits="1" branch="false"/>
            <line number="175" hits="2" branch="false"/>
            <line number="177" hits="1" branch="false"/>
            <line number="178" hits="1" branch="true" condition-coverage="50% (1/2)"/>
            <line number="179" hits="0" branch="false"/>
            <line number="182" hits="1" branch="false"/>
            <line number="183" hits="1" branch="false"/>
            <line number="184" hits="1" branch="false"/>
            <line number="185" hits="1" branch="false"/>
            <line number="187" hits="1" branch="false"/>
            <line number="188" hits="1" branch="false"/>
            <line number="189" hits="1" branch="false"/>
            <line number="190" hits="1" branch="false"/>
            <line number="191" hits="1" branch="false"/>
            <line number="193" hits="1" branch="true" condition-coverage="50% (1/2)"/>
            <line number="194" hits="1" branch="false"/>
            <line number="196" hits="0" branch="false"/>
            <line number="200" hits="0" branch="false"/>
            <line number="204" hits="2" branch="false"/>
            <line number="207" hits="2" branch="true" condition-coverage="50% (1/2)"/>
            <line number="208" hits="2" branch="false"/>
            <line number="210" hits="0" branch="false"/>
            <line number="213" hits="2" branch="true" condition-coverage="50% (1/2)"/>
            <line number="214" hits="0" branch="false"/>
            <line number="217" hits="2" branch="false"/>
            <line number="219" hits="2" branch="false"/>
            <line number="220" hits="1" branch="false"/>
            <line number="222" hits="2" branch="false"/>
            <line number="224" hits="2" branch="true" condition-coverage="100% (2/2)"/>
            <line number="225" hits="1" branch="false"/>
            <line number="227" hits="1" branch="false"/>
            <line number="232" hits="2" branch="false"/>
            <line number="233" hits="2" branch="false"/>
            <line number="234" hits="2" branch="false"/>
            <line number="236" hits="2" branch="false"/>
            <line number="238" hits="2" branch="true" condition-coverage="50% (1/2)"/>
            <line number="239" hits="2" branch="false"/>
            <line number="241" hits="0" branch="false"/>
            <line number="246" hits="1" branch="false"/>
            <line number="247" hits="1" branch="false"/>
            <line number="250" hits="1" branch="false"/>
          </lines>
        </class>
        <class name="user.js" filename="models/user.js" line-rate="1" branch-rate="1">
          <methods>
          </methods>
          <lines>
            <line number="1" hits="1" branch="false"/>
            <line number="2" hits="1" branch="false"/>
            <line number="5" hits="1" branch="false"/>
            <line number="31" hits="1" branch="false"/>
          </lines>
        </class>
      </classes>
    </package>
  </packages>
</coverage>
